Determining if the pthread_create exist failed with the following output:
Change Dir: /home/kx/project/3D/3D_loop_closure_detection/3D_dl_lc/prepare_data/KITTI/cpp/cmake-build-debug/CMakeFiles/CMakeTmp

Run Build Command:"/usr/bin/make" "cmTC_34c85/fast"
/usr/bin/make -f CMakeFiles/cmTC_34c85.dir/build.make CMakeFiles/cmTC_34c85.dir/build
make[1]: Entering directory '/home/kx/project/3D/3D_loop_closure_detection/3D_dl_lc/prepare_data/KITTI/cpp/cmake-build-debug/CMakeFiles/CMakeTmp'
Building C object CMakeFiles/cmTC_34c85.dir/CheckSymbolExists.c.o
/usr/bin/cc    -o CMakeFiles/cmTC_34c85.dir/CheckSymbolExists.c.o   -c /home/kx/project/3D/3D_loop_closure_detection/3D_dl_lc/prepare_data/KITTI/cpp/cmake-build-debug/CMakeFiles/CMakeTmp/CheckSymbolExists.c
Linking C executable cmTC_34c85
/home/kx/clion-2018.1.6/bin/cmake/bin/cmake -E cmake_link_script CMakeFiles/cmTC_34c85.dir/link.txt --verbose=1
/usr/bin/cc      CMakeFiles/cmTC_34c85.dir/CheckSymbolExists.c.o  -o cmTC_34c85 
CMakeFiles/cmTC_34c85.dir/CheckSymbolExists.c.o：在函数‘main’中：
CheckSymbolExists.c:(.text+0x16)：对‘pthread_create’未定义的引用
collect2: error: ld returned 1 exit status
CMakeFiles/cmTC_34c85.dir/build.make:97: recipe for target 'cmTC_34c85' failed
make[1]: *** [cmTC_34c85] Error 1
make[1]: Leaving directory '/home/kx/project/3D/3D_loop_closure_detection/3D_dl_lc/prepare_data/KITTI/cpp/cmake-build-debug/CMakeFiles/CMakeTmp'
Makefile:126: recipe for target 'cmTC_34c85/fast' failed
make: *** [cmTC_34c85/fast] Error 2

File /home/kx/project/3D/3D_loop_closure_detection/3D_dl_lc/prepare_data/KITTI/cpp/cmake-build-debug/CMakeFiles/CMakeTmp/CheckSymbolExists.c:
/* */
#include <pthread.h>

int main(int argc, char** argv)
{
  (void)argv;
#ifndef pthread_create
  return ((int*)(&pthread_create))[argc];
#else
  (void)argc;
  return 0;
#endif
}

Determining if the function pthread_create exists in the pthreads failed with the following output:
Change Dir: /home/kx/project/3D/3D_loop_closure_detection/3D_dl_lc/prepare_data/KITTI/cpp/cmake-build-debug/CMakeFiles/CMakeTmp

Run Build Command:"/usr/bin/make" "cmTC_c7528/fast"
/usr/bin/make -f CMakeFiles/cmTC_c7528.dir/build.make CMakeFiles/cmTC_c7528.dir/build
make[1]: Entering directory '/home/kx/project/3D/3D_loop_closure_detection/3D_dl_lc/prepare_data/KITTI/cpp/cmake-build-debug/CMakeFiles/CMakeTmp'
Building C object CMakeFiles/cmTC_c7528.dir/CheckFunctionExists.c.o
/usr/bin/cc   -DCHECK_FUNCTION_EXISTS=pthread_create   -o CMakeFiles/cmTC_c7528.dir/CheckFunctionExists.c.o   -c /home/kx/clion-2018.1.6/bin/cmake/share/cmake-3.10/Modules/CheckFunctionExists.c
Linking C executable cmTC_c7528
/home/kx/clion-2018.1.6/bin/cmake/bin/cmake -E cmake_link_script CMakeFiles/cmTC_c7528.dir/link.txt --verbose=1
/usr/bin/cc  -DCHECK_FUNCTION_EXISTS=pthread_create    CMakeFiles/cmTC_c7528.dir/CheckFunctionExists.c.o  -o cmTC_c7528 -lpthreads 
/usr/bin/ld: 找不到 -lpthreads
collect2: error: ld returned 1 exit status
CMakeFiles/cmTC_c7528.dir/build.make:97: recipe for target 'cmTC_c7528' failed
make[1]: *** [cmTC_c7528] Error 1
make[1]: Leaving directory '/home/kx/project/3D/3D_loop_closure_detection/3D_dl_lc/prepare_data/KITTI/cpp/cmake-build-debug/CMakeFiles/CMakeTmp'
Makefile:126: recipe for target 'cmTC_c7528/fast' failed
make: *** [cmTC_c7528/fast] Error 2


